intent/app/build/intermediates/manifest_merge_blame_file/debug/manifest-merger-blame-debug-report.txt
1<?xml version="1.0" encoding="utf-8"?>
2<manifest xmlns:android="http://schemas.android.com/apk/res/android"
3    package="kr.ac.kumoh.s20161184.myintentdata1010"
4    android:versionCode="1"
5    android:versionName="1.0" >
6
7    <uses-sdk
8        android:minSdkVersion="15"
8-->src\main\AndroidManifest.xml
9        android:targetSdkVersion="28" />
9-->src\main\AndroidManifest.xml
10
11    <application
11-->src\main\AndroidManifest.xml:5:5-23:19
12        android:allowBackup="true"
12-->src\main\AndroidManifest.xml:6:9-35
13        android:appComponentFactory="android.support.v4.app.CoreComponentFactory"
13-->[com.android.support:support-compat:28.0.0] AndroidManifest.xml:22:18-91
14        android:debuggable="true"
15        android:icon="@mipmap/ic_launcher"
15-->src\main\AndroidManifest.xml:7:9-43
16        android:label="@string/app_name"
16-->src\main\AndroidManifest.xml:8:9-41
17        android:roundIcon="@mipmap/ic_launcher_round"
17-->src\main\AndroidManifest.xml:9:9-54
18        android:supportsRtl="true"
18-->src\main\AndroidManifest.xml:10:9-35
19        android:testOnly="true"
20        android:theme="@style/AppTheme" >
20-->src\main\AndroidManifest.xml:11:9-40
21        <activity
21-->src\main\AndroidManifest.xml:13:9-14:67
22            android:name="kr.ac.kumoh.s20161184.myintentdata1010.SecondActivity"
22-->src\main\AndroidManifest.xml:13:19-49
23            android:parentActivityName="kr.ac.kumoh.s20161184.myintentdata1010.MainActivity" />
23-->src\main\AndroidManifest.xml:14:13-55
24        <activity android:name="kr.ac.kumoh.s20161184.myintentdata1010.MainActivity" >
24-->src\main\AndroidManifest.xml:16:9-22:20
24-->src\main\AndroidManifest.xml:16:19-47
25            <intent-filter>
25-->src\main\AndroidManifest.xml:17:13-21:29
26                <action android:name="android.intent.action.MAIN" />
26-->src\main\AndroidManifest.xml:18:17-69
26-->src\main\AndroidManifest.xml:18:25-66
27
28                <category android:name="android.intent.category.LAUNCHER" />
28-->src\main\AndroidManifest.xml:20:17-77
28-->src\main\AndroidManifest.xml:20:27-74
29            </intent-filter>
30        </activity>
31    </application>
32
33</manifest>